<?xml version="1.0" encoding="UTF-8"?>
<!-- Generated by org.testng.reporters.JUnitReportReporter -->
<testsuite hostname="DESKTOP-EQEKVTV" failures="0" tests="1" name="project.Irctc_Flight" time="52.571" errors="0" timestamp="2021-12-05T21:48:24 IST" skipped="0">
  <testcase classname="project.Irctc_Flight" name="runIrctc" time="52.571"/>
  <system-out/>
</testsuite> <!-- project.Irctc_Flight -->
