<?xml version="1.0" encoding="UTF-8"?>
<!-- Generated by org.testng.reporters.JUnitReportReporter -->
<testsuite hostname="DESKTOP-EQEKVTV" failures="0" tests="1" name="project.Project" time="33.708" errors="0" timestamp="2021-12-05T20:41:30 IST" skipped="0">
  <testcase classname="project.Project" name="runCreateLead" time="33.708"/>
  <system-out/>
</testsuite> <!-- project.Project -->
